<?xml version="1.0" encoding="UTF-8"?>
<testng-results ignored="0" total="8" passed="8" failed="0" skipped="0">
  <reporter-output>
  </reporter-output>
  <suite started-at="2026-04-03T13:53:18 EET" name="Surefire suite" finished-at="2026-04-03T13:55:17 EET" duration-ms="118345">
    <groups>
      <group name="cucumber">
        <method signature="AbstractTestNGCucumberTests.runScenario(io.cucumber.testng.PickleWrapper,io.cucumber.testng.FeatureWrapper)[pri:0, instance:com.casestudy.runners.TestRunner@229c6181]" name="runScenario" class="io.cucumber.testng.AbstractTestNGCucumberTests"/>
      </group> <!-- cucumber -->
    </groups>
    <test started-at="2026-04-03T13:53:18 EET" name="Surefire test" finished-at="2026-04-03T13:55:17 EET" duration-ms="118345">
      <class name="com.casestudy.runners.TestRunner">
        <test-method is-config="true" signature="setUpClass(org.testng.ITestContext)[pri:0, instance:com.casestudy.runners.TestRunner@229c6181]" started-at="2026-04-03T13:53:18 EET" name="setUpClass" finished-at="2026-04-03T13:53:21 EET" duration-ms="2539" status="PASS">
          <params>
            <param index="0">
              <value>
                <![CDATA[org.testng.TestRunner@ff4b223]]>
              </value>
            </param>
          </params>
          <reporter-output>
          </reporter-output>
        </test-method> <!-- setUpClass -->
        <test-method signature="runScenario(io.cucumber.testng.PickleWrapper,io.cucumber.testng.FeatureWrapper)[pri:0, instance:com.casestudy.runners.TestRunner@229c6181]" started-at="2026-04-03T13:53:21 EET" name="runScenario" description="Runs Cucumber Scenarios" data-provider="scenarios" finished-at="2026-04-03T13:53:47 EET" duration-ms="25933" status="PASS">
          <params>
            <param index="0">
              <value>
                <![CDATA["Successfully adding a new employee and completing the profile"]]>
              </value>
            </param>
            <param index="1">
              <value>
                <![CDATA["US-02: Add Employee"]]>
              </value>
            </param>
          </params>
          <reporter-output>
          </reporter-output>
        </test-method> <!-- runScenario -->
        <test-method signature="runScenario(io.cucumber.testng.PickleWrapper,io.cucumber.testng.FeatureWrapper)[pri:0, instance:com.casestudy.runners.TestRunner@229c6181]" started-at="2026-04-03T13:53:47 EET" name="runScenario" description="Runs Cucumber Scenarios" data-provider="scenarios" finished-at="2026-04-03T13:54:04 EET" duration-ms="17076" status="PASS">
          <params>
            <param index="0">
              <value>
                <![CDATA["Search for an employee by name and verify the result table"]]>
              </value>
            </param>
            <param index="1">
              <value>
                <![CDATA["US-03: Employee Search (PIM)"]]>
              </value>
            </param>
          </params>
          <reporter-output>
          </reporter-output>
        </test-method> <!-- runScenario -->
        <test-method signature="runScenario(io.cucumber.testng.PickleWrapper,io.cucumber.testng.FeatureWrapper)[pri:0, instance:com.casestudy.runners.TestRunner@229c6181]" started-at="2026-04-03T13:54:04 EET" name="runScenario" description="Runs Cucumber Scenarios" data-provider="scenarios" finished-at="2026-04-03T13:54:18 EET" duration-ms="13525" status="PASS">
          <params>
            <param index="0">
              <value>
                <![CDATA["Successful login with valid credentials"]]>
              </value>
            </param>
            <param index="1">
              <value>
                <![CDATA["US-01: Admin Login"]]>
              </value>
            </param>
          </params>
          <reporter-output>
          </reporter-output>
        </test-method> <!-- runScenario -->
        <test-method signature="runScenario(io.cucumber.testng.PickleWrapper,io.cucumber.testng.FeatureWrapper)[pri:0, instance:com.casestudy.runners.TestRunner@229c6181]" started-at="2026-04-03T13:54:18 EET" name="runScenario" description="Runs Cucumber Scenarios" data-provider="scenarios" finished-at="2026-04-03T13:54:28 EET" duration-ms="10222" status="PASS">
          <params>
            <param index="0">
              <value>
                <![CDATA["Unsuccessful login with invalid credentials"]]>
              </value>
            </param>
            <param index="1">
              <value>
                <![CDATA["US-01: Admin Login"]]>
              </value>
            </param>
          </params>
          <reporter-output>
          </reporter-output>
        </test-method> <!-- runScenario -->
        <test-method signature="runScenario(io.cucumber.testng.PickleWrapper,io.cucumber.testng.FeatureWrapper)[pri:0, instance:com.casestudy.runners.TestRunner@229c6181]" started-at="2026-04-03T13:54:28 EET" name="runScenario" description="Runs Cucumber Scenarios" data-provider="scenarios" finished-at="2026-04-03T13:54:39 EET" duration-ms="11251" status="PASS">
          <params>
            <param index="0">
              <value>
                <![CDATA["Unsuccessful login with invalid credentials"]]>
              </value>
            </param>
            <param index="1">
              <value>
                <![CDATA["US-01: Admin Login"]]>
              </value>
            </param>
          </params>
          <reporter-output>
          </reporter-output>
        </test-method> <!-- runScenario -->
        <test-method signature="runScenario(io.cucumber.testng.PickleWrapper,io.cucumber.testng.FeatureWrapper)[pri:0, instance:com.casestudy.runners.TestRunner@229c6181]" started-at="2026-04-03T13:54:39 EET" name="runScenario" description="Runs Cucumber Scenarios" data-provider="scenarios" finished-at="2026-04-03T13:54:50 EET" duration-ms="10525" status="PASS">
          <params>
            <param index="0">
              <value>
                <![CDATA["Unsuccessful login with invalid credentials"]]>
              </value>
            </param>
            <param index="1">
              <value>
                <![CDATA["US-01: Admin Login"]]>
              </value>
            </param>
          </params>
          <reporter-output>
          </reporter-output>
        </test-method> <!-- runScenario -->
        <test-method signature="runScenario(io.cucumber.testng.PickleWrapper,io.cucumber.testng.FeatureWrapper)[pri:0, instance:com.casestudy.runners.TestRunner@229c6181]" started-at="2026-04-03T13:54:50 EET" name="runScenario" description="Runs Cucumber Scenarios" data-provider="scenarios" finished-at="2026-04-03T13:55:00 EET" duration-ms="10867" status="PASS">
          <params>
            <param index="0">
              <value>
                <![CDATA["Login validation with empty fields"]]>
              </value>
            </param>
            <param index="1">
              <value>
                <![CDATA["US-01: Admin Login"]]>
              </value>
            </param>
          </params>
          <reporter-output>
          </reporter-output>
        </test-method> <!-- runScenario -->
        <test-method signature="runScenario(io.cucumber.testng.PickleWrapper,io.cucumber.testng.FeatureWrapper)[pri:0, instance:com.casestudy.runners.TestRunner@229c6181]" started-at="2026-04-03T13:55:00 EET" name="runScenario" description="Runs Cucumber Scenarios" data-provider="scenarios" finished-at="2026-04-03T13:55:15 EET" duration-ms="14777" status="PASS">
          <params>
            <param index="0">
              <value>
                <![CDATA["Successful logout and redirection to the login screen"]]>
              </value>
            </param>
            <param index="1">
              <value>
                <![CDATA["US-04: Logout"]]>
              </value>
            </param>
          </params>
          <reporter-output>
          </reporter-output>
        </test-method> <!-- runScenario -->
        <test-method is-config="true" signature="tearDownClass()[pri:0, instance:com.casestudy.runners.TestRunner@229c6181]" started-at="2026-04-03T13:55:15 EET" name="tearDownClass" finished-at="2026-04-03T13:55:17 EET" duration-ms="1465" status="PASS">
          <reporter-output>
          </reporter-output>
        </test-method> <!-- tearDownClass -->
      </class> <!-- com.casestudy.runners.TestRunner -->
    </test> <!-- Surefire test -->
  </suite> <!-- Surefire suite -->
</testng-results>
