<?xml version="1.0" encoding="UTF-8"?>
<testsuite xmlns:xsi="http://www.w3.org/2001/XMLSchema-instance" xsi:noNamespaceSchemaLocation="https://maven.apache.org/surefire/maven-surefire-plugin/xsd/surefire-test-report-3.0.xsd" version="3.0" name="com.casestudy.runners.TestRunner" time="121.279" tests="8" errors="0" skipped="0" failures="0">
  <properties>
[...]
</properties>
  <testcase name="runScenario[&quot;Successfully adding a new employee and completing the profile&quot;, &quot;US-02: Add Employee&quot;](1)" classname="com.casestudy.runners.TestRunner" time="25.957">
    <system-out><![CDATA[
@Web @AddEmployee @Positive
Scenario: Successfully adding a new employee and completing the profile             &amp#27;[90m# src/test/resources/features/web/AddEmployee.feature:10&amp#27;[0m
  &amp#27;[32mGiven &amp#27;[0m&amp#27;[32mUser is already logged in as Admin&amp#27;[0m                                          &amp#27;[90m# com.casestudy.stepdefinitions.LoginSteps.user_is_already_logged_in_as_admin()&amp#27;[0m
  &amp#27;[32mAnd &amp#27;[0m&amp#27;[32mUser is on the Dashboard page&amp#27;[0m                                                 &amp#27;[90m# com.casestudy.stepdefinitions.LoginSteps.user_is_on_the_dashboard_page()&amp#27;[0m
  &amp#27;[32mWhen &amp#27;[0m&amp#27;[32mUser navigates to the PIM module&amp#27;[0m                                             &amp#27;[90m# com.casestudy.stepdefinitions.PIMSteps.user_navigates_to_the_pim_module()&amp#27;[0m
  &amp#27;[32mAnd &amp#27;[0m&amp#27;[32mClicks on the Add Employee button&amp#27;[0m                                             &amp#27;[90m# com.casestudy.stepdefinitions.PIMSteps.clicks_on_the_add_employee_button()&amp#27;[0m
  &amp#27;[32mAnd &amp#27;[0m&amp#27;[32mEnters First Name &amp#27;[0m&amp#27;[32m&amp#27;[1m"QA"&amp#27;[0m&amp#27;[32m and Last Name &amp#27;[0m&amp#27;[32m&amp#27;[1m"Automation"&amp#27;[0m                             &amp#27;[90m# com.casestudy.stepdefinitions.PIMSteps.enters_first_name_and_last_name(java.lang.String,java.lang.String)&amp#27;[0m
  &amp#27;[32mAnd &amp#27;[0m&amp#27;[32mClicks on the Save employee button&amp#27;[0m                                            &amp#27;[90m# com.casestudy.stepdefinitions.PIMSteps.clicks_on_the_save_employee_button()&amp#27;[0m
  &amp#27;[32mThen &amp#27;[0m&amp#27;[32mThe Employee Profile screen should be opened&amp#27;[0m                                 &amp#27;[90m# com.casestudy.stepdefinitions.PIMSteps.the_employee_profile_screen_should_be_opened()&amp#27;[0m
  &amp#27;[32mWhen &amp#27;[0m&amp#27;[32mUser fills in additional profile details like Nationality and Marital Status&amp#27;[0m &amp#27;[90m# com.casestudy.stepdefinitions.PIMSteps.user_fills_in_additional_profile_details()&amp#27;[0m
  &amp#27;[32mAnd &amp#27;[0m&amp#27;[32mClicks on the Save button in the Personal Details section&amp#27;[0m                     &amp#27;[90m# com.casestudy.stepdefinitions.PIMSteps.clicks_on_the_save_button_in_the_personal_details_section()&amp#27;[0m
  &amp#27;[32mThen &amp#27;[0m&amp#27;[32mThe employee registration should be successfully completed&amp#27;[0m                   &amp#27;[90m# com.casestudy.stepdefinitions.PIMSteps.the_employee_registration_should_be_successfully_completed()&amp#27;[0m
]]></system-out>
    <system-err><![CDATA[SLF4J(W): No SLF4J providers were found.
SLF4J(W): Defaulting to no-operation (NOP) logger implementation
SLF4J(W): See https://www.slf4j.org/codes.html#noProviders for further details.
Nis 03, 2026 1:53:28 ÖS org.openqa.selenium.devtools.CdpVersionFinder findNearestMatch
WARNING: Unable to find CDP implementation matching 146
Nis 03, 2026 1:53:28 ÖS org.openqa.selenium.chromium.ChromiumDriver lambda$new$5
WARNING: Unable to find version of CDP to use for 146.0.7680.165. You may need to include a dependency on a specific version of the CDP using something similar to `org.seleniumhq.selenium:selenium-devtools-v86:4.18.1` where the version ("v86") matches the version of the chromium-based browser you're using and the version number of the artifact is the same as Selenium's.
]]></system-err>
  </testcase>
  <testcase name="runScenario[&quot;Search for an employee by name and verify the result table&quot;, &quot;US-03: Employee Search (PIM)&quot;](2)" classname="com.casestudy.runners.TestRunner" time="17.033">
    <system-out><![CDATA[
@Web @EmployeeSearch @Positive
Scenario: Search for an employee by name and verify the result table                     &amp#27;[90m# src/test/resources/features/web/EmployeeSearch.feature:11&amp#27;[0m
  &amp#27;[32mGiven &amp#27;[0m&amp#27;[32mUser is already logged in as Admin&amp#27;[0m                                               &amp#27;[90m# com.casestudy.stepdefinitions.LoginSteps.user_is_already_logged_in_as_admin()&amp#27;[0m
  &amp#27;[32mAnd &amp#27;[0m&amp#27;[32mUser navigates to the PIM module&amp#27;[0m                                                   &amp#27;[90m# com.casestudy.stepdefinitions.PIMSteps.user_navigates_to_the_pim_module()&amp#27;[0m
  &amp#27;[32mAnd &amp#27;[0m&amp#27;[32mUser is on the Employee List tab&amp#27;[0m                                                   &amp#27;[90m# com.casestudy.stepdefinitions.PIMSteps.user_is_on_the_employee_list_tab()&amp#27;[0m
  &amp#27;[32mWhen &amp#27;[0m&amp#27;[32mUser enters the employee name &amp#27;[0m&amp#27;[32m&amp#27;[1m"QA Automation"&amp#27;[0m&amp#27;[32m into the Employee Name search field&amp#27;[0m &amp#27;[90m# com.casestudy.stepdefinitions.PIMSteps.user_enters_the_employee_name_into_the_search_field(java.lang.String)&amp#27;[0m
  &amp#27;[32mAnd &amp#27;[0m&amp#27;[32mClicks on the Search button&amp#27;[0m                                                        &amp#27;[90m# com.casestudy.stepdefinitions.PIMSteps.clicks_on_the_search_button()&amp#27;[0m
  &amp#27;[32mThen &amp#27;[0m&amp#27;[32mThe employee list should be filtered correctly&amp#27;[0m                                    &amp#27;[90m# com.casestudy.stepdefinitions.PIMSteps.the_employee_list_should_be_filtered_correctly()&amp#27;[0m
  &amp#27;[32mAnd &amp#27;[0m&amp#27;[32mAt least one record should be displayed in the results table&amp#27;[0m                       &amp#27;[90m# com.casestudy.stepdefinitions.PIMSteps.at_least_one_record_should_be_displayed_in_the_results_table()&amp#27;[0m
  &amp#27;[32mAnd &amp#27;[0m&amp#27;[32mThe &amp#27;[0m&amp#27;[32m&amp#27;[1m"First (& Middle) Name"&amp#27;[0m&amp#27;[32m column in the results should contain &amp#27;[0m&amp#27;[32m&amp#27;[1m"QA"&amp#27;[0m              &amp#27;[90m# com.casestudy.stepdefinitions.PIMSteps.the_column_in_the_results_should_contain(java.lang.String,java.lang.String)&amp#27;[0m
]]></system-out>
    <system-err><![CDATA[Nis 03, 2026 1:53:50 ÖS org.openqa.selenium.devtools.CdpVersionFinder findNearestMatch
WARNING: Unable to find CDP implementation matching 146
Nis 03, 2026 1:53:50 ÖS org.openqa.selenium.chromium.ChromiumDriver lambda$new$5
WARNING: Unable to find version of CDP to use for 146.0.7680.165. You may need to include a dependency on a specific version of the CDP using something similar to `org.seleniumhq.selenium:selenium-devtools-v86:4.18.1` where the version ("v86") matches the version of the chromium-based browser you're using and the version number of the artifact is the same as Selenium's.
]]></system-err>
  </testcase>
  <testcase name="runScenario[&quot;Successful login with valid credentials&quot;, &quot;US-01: Admin Login&quot;](3)" classname="com.casestudy.runners.TestRunner" time="13.524">
    <system-out><![CDATA[
@Web @Login @Positive
Scenario: Successful login with valid credentials      &amp#27;[90m# src/test/resources/features/web/Login.feature:9&amp#27;[0m
  &amp#27;[32mGiven &amp#27;[0m&amp#27;[32mUser is on the OrangeHRM login page&amp#27;[0m            &amp#27;[90m# com.casestudy.stepdefinitions.LoginSteps.user_is_on_the_orange_hrm_login_page()&amp#27;[0m
  &amp#27;[32mWhen &amp#27;[0m&amp#27;[32mUser enters valid username and password&amp#27;[0m         &amp#27;[90m# com.casestudy.stepdefinitions.LoginSteps.user_enters_valid_username_and_password()&amp#27;[0m
  &amp#27;[32mAnd &amp#27;[0m&amp#27;[32mClicks on the login button&amp#27;[0m                       &amp#27;[90m# com.casestudy.stepdefinitions.LoginSteps.clicks_on_the_login_button()&amp#27;[0m
  &amp#27;[32mThen &amp#27;[0m&amp#27;[32mUser should be redirected to the Dashboard page&amp#27;[0m &amp#27;[90m# com.casestudy.stepdefinitions.LoginSteps.user_should_be_redirected_to_the_dashboard_page()&amp#27;[0m
]]></system-out>
    <system-err><![CDATA[Nis 03, 2026 1:54:06 ÖS org.openqa.selenium.devtools.CdpVersionFinder findNearestMatch
WARNING: Unable to find CDP implementation matching 146
Nis 03, 2026 1:54:06 ÖS org.openqa.selenium.chromium.ChromiumDriver lambda$new$5
WARNING: Unable to find version of CDP to use for 146.0.7680.165. You may need to include a dependency on a specific version of the CDP using something similar to `org.seleniumhq.selenium:selenium-devtools-v86:4.18.1` where the version ("v86") matches the version of the chromium-based browser you're using and the version number of the artifact is the same as Selenium's.
]]></system-err>
  </testcase>
  <testcase name="runScenario[&quot;Unsuccessful login with invalid credentials&quot;, &quot;US-01: Admin Login&quot;](4)" classname="com.casestudy.runners.TestRunner" time="10.221">
    <system-out><![CDATA[
@Web @Login @Negative
Scenario Outline: Unsuccessful login with invalid credentials &amp#27;[90m# src/test/resources/features/web/Login.feature:22&amp#27;[0m
  &amp#27;[32mGiven &amp#27;[0m&amp#27;[32mUser is on the OrangeHRM login page&amp#27;[0m                   &amp#27;[90m# com.casestudy.stepdefinitions.LoginSteps.user_is_on_the_orange_hrm_login_page()&amp#27;[0m
  &amp#27;[32mWhen &amp#27;[0m&amp#27;[32mUser enters username &amp#27;[0m&amp#27;[32m&amp#27;[1m"Admin"&amp#27;[0m&amp#27;[32m and password &amp#27;[0m&amp#27;[32m&amp#27;[1m"wrong123"&amp#27;[0m   &amp#27;[90m# com.casestudy.stepdefinitions.LoginSteps.user_enters_username_and_password(java.lang.String,java.lang.String)&amp#27;[0m
  &amp#27;[32mAnd &amp#27;[0m&amp#27;[32mClicks on the login button&amp#27;[0m                              &amp#27;[90m# com.casestudy.stepdefinitions.LoginSteps.clicks_on_the_login_button()&amp#27;[0m
  &amp#27;[32mThen &amp#27;[0m&amp#27;[32mUser should see an invalid credentials error message&amp#27;[0m   &amp#27;[90m# com.casestudy.stepdefinitions.LoginSteps.user_should_see_an_invalid_credentials_error_message()&amp#27;[0m
]]></system-out>
    <system-err><![CDATA[Nis 03, 2026 1:54:21 ÖS org.openqa.selenium.devtools.CdpVersionFinder findNearestMatch
WARNING: Unable to find CDP implementation matching 146
Nis 03, 2026 1:54:21 ÖS org.openqa.selenium.chromium.ChromiumDriver lambda$new$5
WARNING: Unable to find version of CDP to use for 146.0.7680.165. You may need to include a dependency on a specific version of the CDP using something similar to `org.seleniumhq.selenium:selenium-devtools-v86:4.18.1` where the version ("v86") matches the version of the chromium-based browser you're using and the version number of the artifact is the same as Selenium's.
]]></system-err>
  </testcase>
  <testcase name="runScenario[&quot;Unsuccessful login with invalid credentials&quot;, &quot;US-01: Admin Login&quot;](5)" classname="com.casestudy.runners.TestRunner" time="11.251">
    <system-out><![CDATA[
@Web @Login @Negative
Scenario Outline: Unsuccessful login with invalid credentials  &amp#27;[90m# src/test/resources/features/web/Login.feature:23&amp#27;[0m
  &amp#27;[32mGiven &amp#27;[0m&amp#27;[32mUser is on the OrangeHRM login page&amp#27;[0m                    &amp#27;[90m# com.casestudy.stepdefinitions.LoginSteps.user_is_on_the_orange_hrm_login_page()&amp#27;[0m
  &amp#27;[32mWhen &amp#27;[0m&amp#27;[32mUser enters username &amp#27;[0m&amp#27;[32m&amp#27;[1m"wrongUsr"&amp#27;[0m&amp#27;[32m and password &amp#27;[0m&amp#27;[32m&amp#27;[1m"admin123"&amp#27;[0m &amp#27;[90m# com.casestudy.stepdefinitions.LoginSteps.user_enters_username_and_password(java.lang.String,java.lang.String)&amp#27;[0m
  &amp#27;[32mAnd &amp#27;[0m&amp#27;[32mClicks on the login button&amp#27;[0m                               &amp#27;[90m# com.casestudy.stepdefinitions.LoginSteps.clicks_on_the_login_button()&amp#27;[0m
  &amp#27;[32mThen &amp#27;[0m&amp#27;[32mUser should see an invalid credentials error message&amp#27;[0m    &amp#27;[90m# com.casestudy.stepdefinitions.LoginSteps.user_should_see_an_invalid_credentials_error_message()&amp#27;[0m
]]></system-out>
    <system-err><![CDATA[Nis 03, 2026 1:54:30 ÖS org.openqa.selenium.devtools.CdpVersionFinder findNearestMatch
WARNING: Unable to find CDP implementation matching 146
Nis 03, 2026 1:54:30 ÖS org.openqa.selenium.chromium.ChromiumDriver lambda$new$5
WARNING: Unable to find version of CDP to use for 146.0.7680.165. You may need to include a dependency on a specific version of the CDP using something similar to `org.seleniumhq.selenium:selenium-devtools-v86:4.18.1` where the version ("v86") matches the version of the chromium-based browser you're using and the version number of the artifact is the same as Selenium's.
]]></system-err>
  </testcase>
  <testcase name="runScenario[&quot;Unsuccessful login with invalid credentials&quot;, &quot;US-01: Admin Login&quot;](6)" classname="com.casestudy.runners.TestRunner" time="10.522">
    <system-out><![CDATA[
@Web @Login @Negative
Scenario Outline: Unsuccessful login with invalid credentials &amp#27;[90m# src/test/resources/features/web/Login.feature:24&amp#27;[0m
  &amp#27;[32mGiven &amp#27;[0m&amp#27;[32mUser is on the OrangeHRM login page&amp#27;[0m                   &amp#27;[90m# com.casestudy.stepdefinitions.LoginSteps.user_is_on_the_orange_hrm_login_page()&amp#27;[0m
  &amp#27;[32mWhen &amp#27;[0m&amp#27;[32mUser enters username &amp#27;[0m&amp#27;[32m&amp#27;[1m"invalid"&amp#27;[0m&amp#27;[32m and password &amp#27;[0m&amp#27;[32m&amp#27;[1m"invalid"&amp#27;[0m  &amp#27;[90m# com.casestudy.stepdefinitions.LoginSteps.user_enters_username_and_password(java.lang.String,java.lang.String)&amp#27;[0m
  &amp#27;[32mAnd &amp#27;[0m&amp#27;[32mClicks on the login button&amp#27;[0m                              &amp#27;[90m# com.casestudy.stepdefinitions.LoginSteps.clicks_on_the_login_button()&amp#27;[0m
  &amp#27;[32mThen &amp#27;[0m&amp#27;[32mUser should see an invalid credentials error message&amp#27;[0m   &amp#27;[90m# com.casestudy.stepdefinitions.LoginSteps.user_should_see_an_invalid_credentials_error_message()&amp#27;[0m
]]></system-out>
    <system-err><![CDATA[Nis 03, 2026 1:54:41 ÖS org.openqa.selenium.devtools.CdpVersionFinder findNearestMatch
WARNING: Unable to find CDP implementation matching 146
Nis 03, 2026 1:54:41 ÖS org.openqa.selenium.chromium.ChromiumDriver lambda$new$5
WARNING: Unable to find version of CDP to use for 146.0.7680.165. You may need to include a dependency on a specific version of the CDP using something similar to `org.seleniumhq.selenium:selenium-devtools-v86:4.18.1` where the version ("v86") matches the version of the chromium-based browser you're using and the version number of the artifact is the same as Selenium's.
]]></system-err>
  </testcase>
  <testcase name="runScenario[&quot;Login validation with empty fields&quot;, &quot;US-01: Admin Login&quot;](7)" classname="com.casestudy.runners.TestRunner" time="10.867">
    <system-out><![CDATA[
@Web @Login @Negative
Scenario: Login validation with empty fields                                  &amp#27;[90m# src/test/resources/features/web/Login.feature:27&amp#27;[0m
  &amp#27;[32mGiven &amp#27;[0m&amp#27;[32mUser is on the OrangeHRM login page&amp#27;[0m                                   &amp#27;[90m# com.casestudy.stepdefinitions.LoginSteps.user_is_on_the_orange_hrm_login_page()&amp#27;[0m
  &amp#27;[32mWhen &amp#27;[0m&amp#27;[32mUser clicks on the login button without entering any credentials&amp#27;[0m       &amp#27;[90m# com.casestudy.stepdefinitions.LoginSteps.user_clicks_on_the_login_button_without_entering_any_credentials()&amp#27;[0m
  &amp#27;[32mThen &amp#27;[0m&amp#27;[32mRequired field validation messages should be displayed for both fields&amp#27;[0m &amp#27;[90m# com.casestudy.stepdefinitions.LoginSteps.required_field_validation_messages_should_be_displayed()&amp#27;[0m
]]></system-out>
    <system-err><![CDATA[Nis 03, 2026 1:54:52 ÖS org.openqa.selenium.devtools.CdpVersionFinder findNearestMatch
WARNING: Unable to find CDP implementation matching 146
Nis 03, 2026 1:54:52 ÖS org.openqa.selenium.chromium.ChromiumDriver lambda$new$5
WARNING: Unable to find version of CDP to use for 146.0.7680.165. You may need to include a dependency on a specific version of the CDP using something similar to `org.seleniumhq.selenium:selenium-devtools-v86:4.18.1` where the version ("v86") matches the version of the chromium-based browser you're using and the version number of the artifact is the same as Selenium's.
]]></system-err>
  </testcase>
  <testcase name="runScenario[&quot;Successful logout and redirection to the login screen&quot;, &quot;US-04: Logout&quot;](8)" classname="com.casestudy.runners.TestRunner" time="14.75">
    <system-out><![CDATA[
@Web @Logout @Positive
Scenario: Successful logout and redirection to the login screen &amp#27;[90m# src/test/resources/features/web/Logout.feature:10&amp#27;[0m
  &amp#27;[32mGiven &amp#27;[0m&amp#27;[32mUser is already logged in as Admin&amp#27;[0m                      &amp#27;[90m# com.casestudy.stepdefinitions.LoginSteps.user_is_already_logged_in_as_admin()&amp#27;[0m
  &amp#27;[32mAnd &amp#27;[0m&amp#27;[32mUser is on the Dashboard page&amp#27;[0m                             &amp#27;[90m# com.casestudy.stepdefinitions.LoginSteps.user_is_on_the_dashboard_page()&amp#27;[0m
  &amp#27;[32mWhen &amp#27;[0m&amp#27;[32mUser clicks on the user profile dropdown menu&amp#27;[0m            &amp#27;[90m# com.casestudy.stepdefinitions.LoginSteps.user_clicks_on_the_user_profile_dropdown_menu()&amp#27;[0m
  &amp#27;[32mAnd &amp#27;[0m&amp#27;[32mClicks on the Logout option&amp#27;[0m                               &amp#27;[90m# com.casestudy.stepdefinitions.LoginSteps.clicks_on_the_logout_option()&amp#27;[0m
  &amp#27;[32mThen &amp#27;[0m&amp#27;[32mUser should be navigated back to the login screen&amp#27;[0m        &amp#27;[90m# com.casestudy.stepdefinitions.LoginSteps.user_should_be_navigated_back_to_the_login_screen()&amp#27;[0m
]]></system-out>
    <system-err><![CDATA[Nis 03, 2026 1:55:02 ÖS org.openqa.selenium.devtools.CdpVersionFinder findNearestMatch
WARNING: Unable to find CDP implementation matching 146
Nis 03, 2026 1:55:02 ÖS org.openqa.selenium.chromium.ChromiumDriver lambda$new$5
WARNING: Unable to find version of CDP to use for 146.0.7680.165. You may need to include a dependency on a specific version of the CDP using something similar to `org.seleniumhq.selenium:selenium-devtools-v86:4.18.1` where the version ("v86") matches the version of the chromium-based browser you're using and the version number of the artifact is the same as Selenium's.
]]></system-err>
  </testcase>
</testsuite>