<?xml version="1.0" encoding="UTF-8"?>
<!-- Generated by org.testng.reporters.JUnitReportReporter -->
<testsuite hostname="DESKTOP-2GBJT8C" failures="0" tests="8" name="com.casestudy.runners.TestRunner" time="114.176" errors="0" timestamp="2026-04-03T13:55:18 EET" skipped="0">
  <testcase classname="com.casestudy.runners.TestRunner" name="runScenario" time="13.525"/>
  <testcase classname="com.casestudy.runners.TestRunner" name="runScenario" time="11.251"/>
  <testcase classname="com.casestudy.runners.TestRunner" name="runScenario" time="10.867"/>
  <testcase classname="com.casestudy.runners.TestRunner" name="runScenario" time="14.777"/>
  <testcase classname="com.casestudy.runners.TestRunner" name="runScenario" time="17.076"/>
  <testcase classname="com.casestudy.runners.TestRunner" name="runScenario" time="10.222"/>
  <testcase classname="com.casestudy.runners.TestRunner" name="runScenario" time="10.525"/>
  <testcase classname="com.casestudy.runners.TestRunner" name="runScenario" time="25.933"/>
</testsuite> <!-- com.casestudy.runners.TestRunner -->
